<?xml version="1.0" encoding="UTF-8"?>
<testsuite name="com.tddacademy.zoo.model.ZooTest" tests="5" skipped="0" failures="0" errors="0" timestamp="2025-07-21T03:17:57.497Z" hostname="GFITFTLAPT04182.ad.mynt.xyz" time="0.007">
  <properties/>
  <testcase name="Should throw exception when zoo location is empty" classname="com.tddacademy.zoo.model.ZooTest" time="0.002"/>
  <testcase name="Should create a valid Zoo with all required fields" classname="com.tddacademy.zoo.model.ZooTest" time="0.001"/>
  <testcase name="Should throw exception when zoo name is null" classname="com.tddacademy.zoo.model.ZooTest" time="0.001"/>
  <testcase name="Should throw exception when zoo name is empty" classname="com.tddacademy.zoo.model.ZooTest" time="0.001"/>
  <testcase name="Should throw exception when zoo location is null" classname="com.tddacademy.zoo.model.ZooTest" time="0.001"/>
  <system-out><![CDATA[]]></system-out>
  <system-err><![CDATA[]]></system-err>
</testsuite>
