<?xml version="1.0" encoding="UTF-8"?>
<testsuite name="com.tddacademy.zoo.controller.ZooControllerTest" tests="3" skipped="0" failures="0" errors="0" timestamp="2025-07-22T00:35:49.852Z" hostname="GXCHLAP00679.local" time="0.067">
  <properties/>
  <testcase name="GET /api/zoos should return all zoos" classname="com.tddacademy.zoo.controller.ZooControllerTest" time="0.057"/>
  <testcase name="GET /api/zoos/{id} should return 404 when zoo does not exist" classname="com.tddacademy.zoo.controller.ZooControllerTest" time="0.007"/>
  <testcase name="GET /api/zoos/{id} should return zoo when it exists" classname="com.tddacademy.zoo.controller.ZooControllerTest" time="0.003"/>
  <system-out><![CDATA[2025-07-22T08:35:49.728+08:00  INFO 2515 --- [zoo-simulator-lab1.5] [    Test worker] t.c.s.AnnotationConfigContextLoaderUtils : Could not detect default configuration classes for test class [com.tddacademy.zoo.controller.ZooControllerTest]: ZooControllerTest does not declare any static, non-private, non-final, nested classes annotated with @Configuration.
2025-07-22T08:35:49.738+08:00  INFO 2515 --- [zoo-simulator-lab1.5] [    Test worker] .b.t.c.SpringBootTestContextBootstrapper : Found @SpringBootConfiguration com.tddacademy.zoo.ZooApplication for test class com.tddacademy.zoo.controller.ZooControllerTest

  .   ____          _            __ _ _
 /\\ / ___'_ __ _ _(_)_ __  __ _ \ \ \ \
( ( )\___ | '_ | '_| | '_ \/ _` | \ \ \ \
 \\/  ___)| |_)| | | | | || (_| |  ) ) ) )
  '  |____| .__|_| |_|_| |_\__, | / / / /
 =========|_|==============|___/=/_/_/_/

 :: Spring Boot ::                (v3.5.3)

2025-07-22T08:35:49.752+08:00  INFO 2515 --- [zoo-simulator-lab1.5] [    Test worker] c.t.zoo.controller.ZooControllerTest     : Starting ZooControllerTest using Java 22.0.2 with PID 2515 (started by general.malit in /Users/general.malit/Desktop/FECPLab/FECP5-1006/tdd-academy/session1/lab1.5)
2025-07-22T08:35:49.752+08:00  INFO 2515 --- [zoo-simulator-lab1.5] [    Test worker] c.t.zoo.controller.ZooControllerTest     : No active profile set, falling back to 1 default profile: "default"
2025-07-22T08:35:49.845+08:00  INFO 2515 --- [zoo-simulator-lab1.5] [    Test worker] o.s.b.t.m.w.SpringBootMockServletContext : Initializing Spring TestDispatcherServlet ''
2025-07-22T08:35:49.845+08:00  INFO 2515 --- [zoo-simulator-lab1.5] [    Test worker] o.s.t.web.servlet.TestDispatcherServlet  : Initializing Servlet ''
2025-07-22T08:35:49.845+08:00  INFO 2515 --- [zoo-simulator-lab1.5] [    Test worker] o.s.t.web.servlet.TestDispatcherServlet  : Completed initialization in 0 ms
2025-07-22T08:35:49.850+08:00  INFO 2515 --- [zoo-simulator-lab1.5] [    Test worker] c.t.zoo.controller.ZooControllerTest     : Started ZooControllerTest in 0.11 seconds (process running for 1.297)
]]></system-out>
  <system-err><![CDATA[]]></system-err>
</testsuite>
