<?xml version="1.0" encoding="UTF-8"?>
<testsuite name="com.tddacademy.zoo.controller.ZooControllerTest" tests="10" skipped="0" failures="0" errors="0" timestamp="2025-07-22T01:15:56.546Z" hostname="GXCHLAP00679.local" time="0.147">
  <properties/>
  <testcase name="Should get all zoos" classname="com.tddacademy.zoo.controller.ZooControllerTest" time="0.073"/>
  <testcase name="Should search zoos by name" classname="com.tddacademy.zoo.controller.ZooControllerTest" time="0.009"/>
  <testcase name="Should get zoo by id when exists" classname="com.tddacademy.zoo.controller.ZooControllerTest" time="0.006"/>
  <testcase name="Should return 404 when deleting non-existent zoo" classname="com.tddacademy.zoo.controller.ZooControllerTest" time="0.006"/>
  <testcase name="Should return 404 when updating non-existent zoo" classname="com.tddacademy.zoo.controller.ZooControllerTest" time="0.021"/>
  <testcase name="Should return 404 when zoo not found" classname="com.tddacademy.zoo.controller.ZooControllerTest" time="0.005"/>
  <testcase name="Should create zoo successfully" classname="com.tddacademy.zoo.controller.ZooControllerTest" time="0.005"/>
  <testcase name="Should search zoos by location" classname="com.tddacademy.zoo.controller.ZooControllerTest" time="0.004"/>
  <testcase name="Should delete zoo when exists" classname="com.tddacademy.zoo.controller.ZooControllerTest" time="0.004"/>
  <testcase name="Should update zoo when exists" classname="com.tddacademy.zoo.controller.ZooControllerTest" time="0.006"/>
  <system-out><![CDATA[2025-07-22T09:15:56.324+08:00  INFO 4235 --- [zoo-simulator-lab3] [    Test worker] t.c.s.AnnotationConfigContextLoaderUtils : Could not detect default configuration classes for test class [com.tddacademy.zoo.controller.ZooControllerTest]: ZooControllerTest does not declare any static, non-private, non-final, nested classes annotated with @Configuration.
2025-07-22T09:15:56.340+08:00  INFO 4235 --- [zoo-simulator-lab3] [    Test worker] .b.t.c.SpringBootTestContextBootstrapper : Found @SpringBootConfiguration com.tddacademy.zoo.ZooApplication for test class com.tddacademy.zoo.controller.ZooControllerTest

  .   ____          _            __ _ _
 /\\ / ___'_ __ _ _(_)_ __  __ _ \ \ \ \
( ( )\___ | '_ | '_| | '_ \/ _` | \ \ \ \
 \\/  ___)| |_)| | | | | || (_| |  ) ) ) )
  '  |____| .__|_| |_|_| |_\__, | / / / /
 =========|_|==============|___/=/_/_/_/

 :: Spring Boot ::                (v3.5.3)

2025-07-22T09:15:56.349+08:00  INFO 4235 --- [zoo-simulator-lab3] [    Test worker] c.t.zoo.controller.ZooControllerTest     : Starting ZooControllerTest using Java 22.0.2 with PID 4235 (started by general.malit in /Users/general.malit/Desktop/FECPLab/FECP5-1006/tdd-academy/session1/lab3)
2025-07-22T09:15:56.349+08:00  INFO 4235 --- [zoo-simulator-lab3] [    Test worker] c.t.zoo.controller.ZooControllerTest     : No active profile set, falling back to 1 default profile: "default"
2025-07-22T09:15:56.532+08:00  INFO 4235 --- [zoo-simulator-lab3] [    Test worker] o.s.b.t.m.w.SpringBootMockServletContext : Initializing Spring TestDispatcherServlet ''
2025-07-22T09:15:56.532+08:00  INFO 4235 --- [zoo-simulator-lab3] [    Test worker] o.s.t.web.servlet.TestDispatcherServlet  : Initializing Servlet ''
2025-07-22T09:15:56.534+08:00  INFO 4235 --- [zoo-simulator-lab3] [    Test worker] o.s.t.web.servlet.TestDispatcherServlet  : Completed initialization in 1 ms
2025-07-22T09:15:56.541+08:00  INFO 4235 --- [zoo-simulator-lab3] [    Test worker] c.t.zoo.controller.ZooControllerTest     : Started ZooControllerTest in 0.199 seconds (process running for 2.165)
]]></system-out>
  <system-err><![CDATA[]]></system-err>
</testsuite>
