<?xml version="1.0" encoding="UTF-8"?>
<testsuite name="com.tddacademy.zoo.ZooApplicationTests" tests="1" skipped="0" failures="0" errors="0" timestamp="2025-07-22T01:15:56.072Z" hostname="GXCHLAP00679.local" time="0.247">
  <properties/>
  <testcase name="contextLoads()" classname="com.tddacademy.zoo.ZooApplicationTests" time="0.247"/>
  <system-out><![CDATA[09:15:54.717 [Test worker] INFO org.springframework.test.context.support.AnnotationConfigContextLoaderUtils -- Could not detect default configuration classes for test class [com.tddacademy.zoo.ZooApplicationTests]: ZooApplicationTests does not declare any static, non-private, non-final, nested classes annotated with @Configuration.
09:15:54.753 [Test worker] INFO org.springframework.boot.test.context.SpringBootTestContextBootstrapper -- Found @SpringBootConfiguration com.tddacademy.zoo.ZooApplication for test class com.tddacademy.zoo.ZooApplicationTests

  .   ____          _            __ _ _
 /\\ / ___'_ __ _ _(_)_ __  __ _ \ \ \ \
( ( )\___ | '_ | '_| | '_ \/ _` | \ \ \ \
 \\/  ___)| |_)| | | | | || (_| |  ) ) ) )
  '  |____| .__|_| |_|_| |_\__, | / / / /
 =========|_|==============|___/=/_/_/_/

 :: Spring Boot ::                (v3.5.3)

2025-07-22T09:15:54.912+08:00  INFO 4235 --- [zoo-simulator-lab3] [    Test worker] com.tddacademy.zoo.ZooApplicationTests   : Starting ZooApplicationTests using Java 22.0.2 with PID 4235 (started by general.malit in /Users/general.malit/Desktop/FECPLab/FECP5-1006/tdd-academy/session1/lab3)
2025-07-22T09:15:54.913+08:00  INFO 4235 --- [zoo-simulator-lab3] [    Test worker] com.tddacademy.zoo.ZooApplicationTests   : No active profile set, falling back to 1 default profile: "default"
2025-07-22T09:15:55.118+08:00  INFO 4235 --- [zoo-simulator-lab3] [    Test worker] .s.d.r.c.RepositoryConfigurationDelegate : Bootstrapping Spring Data JPA repositories in DEFAULT mode.
2025-07-22T09:15:55.137+08:00  INFO 4235 --- [zoo-simulator-lab3] [    Test worker] .s.d.r.c.RepositoryConfigurationDelegate : Finished Spring Data repository scanning in 15 ms. Found 1 JPA repository interface.
2025-07-22T09:15:55.256+08:00  INFO 4235 --- [zoo-simulator-lab3] [    Test worker] o.hibernate.jpa.internal.util.LogHelper  : HHH000204: Processing PersistenceUnitInfo [name: default]
2025-07-22T09:15:55.270+08:00  INFO 4235 --- [zoo-simulator-lab3] [    Test worker] org.hibernate.Version                    : HHH000412: Hibernate ORM core version 6.6.18.Final
2025-07-22T09:15:55.284+08:00  INFO 4235 --- [zoo-simulator-lab3] [    Test worker] o.h.c.internal.RegionFactoryInitiator    : HHH000026: Second-level cache disabled
2025-07-22T09:15:55.369+08:00  INFO 4235 --- [zoo-simulator-lab3] [    Test worker] o.s.o.j.p.SpringPersistenceUnitInfo      : No LoadTimeWeaver setup: ignoring JPA class transformer
2025-07-22T09:15:55.378+08:00  INFO 4235 --- [zoo-simulator-lab3] [    Test worker] com.zaxxer.hikari.HikariDataSource       : HikariPool-1 - Starting...
2025-07-22T09:15:55.436+08:00  INFO 4235 --- [zoo-simulator-lab3] [    Test worker] com.zaxxer.hikari.pool.HikariPool        : HikariPool-1 - Added connection conn0: url=jdbc:h2:mem:testdb user=SA
2025-07-22T09:15:55.437+08:00  INFO 4235 --- [zoo-simulator-lab3] [    Test worker] com.zaxxer.hikari.HikariDataSource       : HikariPool-1 - Start completed.
2025-07-22T09:15:55.445+08:00  WARN 4235 --- [zoo-simulator-lab3] [    Test worker] org.hibernate.orm.deprecation            : HHH90000025: H2Dialect does not need to be specified explicitly using 'hibernate.dialect' (remove the property setting and it will be selected by default)
2025-07-22T09:15:55.452+08:00  INFO 4235 --- [zoo-simulator-lab3] [    Test worker] org.hibernate.orm.connections.pooling    : HHH10001005: Database info:
	Database JDBC URL [Connecting through datasource 'HikariDataSource (HikariPool-1)']
	Database driver: undefined/unknown
	Database version: 2.3.232
	Autocommit mode: undefined/unknown
	Isolation level: undefined/unknown
	Minimum pool size: undefined/unknown
	Maximum pool size: undefined/unknown
2025-07-22T09:15:55.760+08:00  INFO 4235 --- [zoo-simulator-lab3] [    Test worker] o.h.e.t.j.p.i.JtaPlatformInitiator       : HHH000489: No JTA platform available (set 'hibernate.transaction.jta.platform' to enable JTA platform integration)
2025-07-22T09:15:55.767+08:00 DEBUG 4235 --- [zoo-simulator-lab3] [    Test worker] org.hibernate.SQL                        : 
    drop table if exists animals cascade 
Hibernate: 
    drop table if exists animals cascade 
2025-07-22T09:15:55.769+08:00 DEBUG 4235 --- [zoo-simulator-lab3] [    Test worker] org.hibernate.SQL                        : 
    drop table if exists enclosures cascade 
Hibernate: 
    drop table if exists enclosures cascade 
2025-07-22T09:15:55.769+08:00 DEBUG 4235 --- [zoo-simulator-lab3] [    Test worker] org.hibernate.SQL                        : 
    drop table if exists people cascade 
Hibernate: 
    drop table if exists people cascade 
2025-07-22T09:15:55.769+08:00 DEBUG 4235 --- [zoo-simulator-lab3] [    Test worker] org.hibernate.SQL                        : 
    drop table if exists zoos cascade 
Hibernate: 
    drop table if exists zoos cascade 
2025-07-22T09:15:55.772+08:00 DEBUG 4235 --- [zoo-simulator-lab3] [    Test worker] org.hibernate.SQL                        : 
    create table animals (
        date_of_birth date,
        weight float(53),
        enclosure_id bigint,
        id bigint generated by default as identity,
        breed varchar(255),
        health_status varchar(255),
        name varchar(255) not null,
        species varchar(255) not null,
        primary key (id)
    )
Hibernate: 
    create table animals (
        date_of_birth date,
        weight float(53),
        enclosure_id bigint,
        id bigint generated by default as identity,
        breed varchar(255),
        health_status varchar(255),
        name varchar(255) not null,
        species varchar(255) not null,
        primary key (id)
    )
2025-07-22T09:15:55.778+08:00 DEBUG 4235 --- [zoo-simulator-lab3] [    Test worker] org.hibernate.SQL                        : 
    create table enclosures (
        area float(53),
        id bigint generated by default as identity,
        zoo_id bigint,
        climate varchar(255),
        name varchar(255) not null,
        type varchar(255) not null,
        primary key (id)
    )
Hibernate: 
    create table enclosures (
        area float(53),
        id bigint generated by default as identity,
        zoo_id bigint,
        climate varchar(255),
        name varchar(255) not null,
        type varchar(255) not null,
        primary key (id)
    )
2025-07-22T09:15:55.779+08:00 DEBUG 4235 --- [zoo-simulator-lab3] [    Test worker] org.hibernate.SQL                        : 
    create table people (
        hire_date date,
        salary float(53),
        id bigint generated by default as identity,
        zoo_id bigint,
        email varchar(255) not null unique,
        first_name varchar(255) not null,
        last_name varchar(255) not null,
        role varchar(255) not null,
        primary key (id)
    )
Hibernate: 
    create table people (
        hire_date date,
        salary float(53),
        id bigint generated by default as identity,
        zoo_id bigint,
        email varchar(255) not null unique,
        first_name varchar(255) not null,
        last_name varchar(255) not null,
        role varchar(255) not null,
        primary key (id)
    )
2025-07-22T09:15:55.781+08:00 DEBUG 4235 --- [zoo-simulator-lab3] [    Test worker] org.hibernate.SQL                        : 
    create table zoos (
        id bigint generated by default as identity,
        description TEXT,
        location varchar(255) not null,
        name varchar(255) not null,
        primary key (id)
    )
Hibernate: 
    create table zoos (
        id bigint generated by default as identity,
        description TEXT,
        location varchar(255) not null,
        name varchar(255) not null,
        primary key (id)
    )
2025-07-22T09:15:55.782+08:00 DEBUG 4235 --- [zoo-simulator-lab3] [    Test worker] org.hibernate.SQL                        : 
    alter table if exists animals 
       add constraint FKcbcnkojt7pvrpnnfb4qd8s8rh 
       foreign key (enclosure_id) 
       references enclosures
Hibernate: 
    alter table if exists animals 
       add constraint FKcbcnkojt7pvrpnnfb4qd8s8rh 
       foreign key (enclosure_id) 
       references enclosures
2025-07-22T09:15:55.788+08:00 DEBUG 4235 --- [zoo-simulator-lab3] [    Test worker] org.hibernate.SQL                        : 
    alter table if exists enclosures 
       add constraint FKe2akcngi4bgk6xdnst1jfddie 
       foreign key (zoo_id) 
       references zoos
Hibernate: 
    alter table if exists enclosures 
       add constraint FKe2akcngi4bgk6xdnst1jfddie 
       foreign key (zoo_id) 
       references zoos
2025-07-22T09:15:55.789+08:00 DEBUG 4235 --- [zoo-simulator-lab3] [    Test worker] org.hibernate.SQL                        : 
    alter table if exists people 
       add constraint FKdv8797n94bwsgv9ogjxkneqel 
       foreign key (zoo_id) 
       references zoos
Hibernate: 
    alter table if exists people 
       add constraint FKdv8797n94bwsgv9ogjxkneqel 
       foreign key (zoo_id) 
       references zoos
2025-07-22T09:15:55.792+08:00  INFO 4235 --- [zoo-simulator-lab3] [    Test worker] j.LocalContainerEntityManagerFactoryBean : Initialized JPA EntityManagerFactory for persistence unit 'default'
2025-07-22T09:15:55.932+08:00  WARN 4235 --- [zoo-simulator-lab3] [    Test worker] JpaBaseConfiguration$JpaWebConfiguration : spring.jpa.open-in-view is enabled by default. Therefore, database queries may be performed during view rendering. Explicitly configure spring.jpa.open-in-view to disable this warning
2025-07-22T09:15:56.040+08:00  INFO 4235 --- [zoo-simulator-lab3] [    Test worker] o.s.b.a.h2.H2ConsoleAutoConfiguration    : H2 console available at '/h2-console'. Database available at 'jdbc:h2:mem:testdb'
2025-07-22T09:15:56.068+08:00  INFO 4235 --- [zoo-simulator-lab3] [    Test worker] com.tddacademy.zoo.ZooApplicationTests   : Started ZooApplicationTests in 1.264 seconds (process running for 1.692)
]]></system-out>
  <system-err><![CDATA[Mockito is currently self-attaching to enable the inline-mock-maker. This will no longer work in future releases of the JDK. Please add Mockito as an agent to your build as described in Mockito's documentation: https://javadoc.io/doc/org.mockito/mockito-core/latest/org.mockito/org/mockito/Mockito.html#0.3
WARNING: A Java agent has been loaded dynamically (/Users/general.malit/.gradle/caches/modules-2/files-2.1/net.bytebuddy/byte-buddy-agent/1.17.6/17b32fd9f57deef02842f7f05abc4ad8127fe34e/byte-buddy-agent-1.17.6.jar)
WARNING: If a serviceability tool is in use, please run with -XX:+EnableDynamicAgentLoading to hide this warning
WARNING: If a serviceability tool is not in use, please run with -Djdk.instrument.traceUsage for more information
WARNING: Dynamic loading of agents will be disallowed by default in a future release
]]></system-err>
</testsuite>
