<?xml version="1.0" encoding="UTF-8"?>
<testsuite name="com.tddacademy.zoo.repository.ZooRepositoryTest" tests="7" skipped="0" failures="0" errors="0" timestamp="2025-07-22T01:15:56.892Z" hostname="GXCHLAP00679.local" time="0.305">
  <properties/>
  <testcase name="Should delete zoo by id" classname="com.tddacademy.zoo.repository.ZooRepositoryTest" time="0.072"/>
  <testcase name="Should find zoos by name containing" classname="com.tddacademy.zoo.repository.ZooRepositoryTest" time="0.047"/>
  <testcase name="Should find zoos by location containing" classname="com.tddacademy.zoo.repository.ZooRepositoryTest" time="0.008"/>
  <testcase name="Should find all zoos" classname="com.tddacademy.zoo.repository.ZooRepositoryTest" time="0.008"/>
  <testcase name="Should find zoo by id" classname="com.tddacademy.zoo.repository.ZooRepositoryTest" time="0.005"/>
  <testcase name="Should save a zoo successfully" classname="com.tddacademy.zoo.repository.ZooRepositoryTest" time="0.004"/>
  <testcase name="Should check if zoo exists by id" classname="com.tddacademy.zoo.repository.ZooRepositoryTest" time="0.16"/>
  <system-out><![CDATA[2025-07-22T09:15:56.699+08:00  INFO 4235 --- [zoo-simulator-lab3] [    Test worker] t.c.s.AnnotationConfigContextLoaderUtils : Could not detect default configuration classes for test class [com.tddacademy.zoo.repository.ZooRepositoryTest]: ZooRepositoryTest does not declare any static, non-private, non-final, nested classes annotated with @Configuration.
2025-07-22T09:15:56.712+08:00  INFO 4235 --- [zoo-simulator-lab3] [    Test worker] .b.t.c.SpringBootTestContextBootstrapper : Found @SpringBootConfiguration com.tddacademy.zoo.ZooApplication for test class com.tddacademy.zoo.repository.ZooRepositoryTest

  .   ____          _            __ _ _
 /\\ / ___'_ __ _ _(_)_ __  __ _ \ \ \ \
( ( )\___ | '_ | '_| | '_ \/ _` | \ \ \ \
 \\/  ___)| |_)| | | | | || (_| |  ) ) ) )
  '  |____| .__|_| |_|_| |_\__, | / / / /
 =========|_|==============|___/=/_/_/_/

 :: Spring Boot ::                (v3.5.3)

2025-07-22T09:15:56.730+08:00  INFO 4235 --- [zoo-simulator-lab3] [    Test worker] c.t.zoo.repository.ZooRepositoryTest     : Starting ZooRepositoryTest using Java 22.0.2 with PID 4235 (started by general.malit in /Users/general.malit/Desktop/FECPLab/FECP5-1006/tdd-academy/session1/lab3)
2025-07-22T09:15:56.730+08:00  INFO 4235 --- [zoo-simulator-lab3] [    Test worker] c.t.zoo.repository.ZooRepositoryTest     : No active profile set, falling back to 1 default profile: "default"
2025-07-22T09:15:56.774+08:00  INFO 4235 --- [zoo-simulator-lab3] [    Test worker] .s.d.r.c.RepositoryConfigurationDelegate : Bootstrapping Spring Data JPA repositories in DEFAULT mode.
2025-07-22T09:15:56.780+08:00  INFO 4235 --- [zoo-simulator-lab3] [    Test worker] .s.d.r.c.RepositoryConfigurationDelegate : Finished Spring Data repository scanning in 5 ms. Found 1 JPA repository interface.
2025-07-22T09:15:56.787+08:00  INFO 4235 --- [zoo-simulator-lab3] [    Test worker] beddedDataSourceBeanFactoryPostProcessor : Replacing 'dataSource' DataSource bean with embedded version
2025-07-22T09:15:56.796+08:00  INFO 4235 --- [zoo-simulator-lab3] [    Test worker] o.s.j.d.e.EmbeddedDatabaseFactory        : Starting embedded database: url='jdbc:h2:mem:af8547af-9836-436b-9cd9-1865b92a15b8;DB_CLOSE_DELAY=-1;DB_CLOSE_ON_EXIT=false', username='sa'
2025-07-22T09:15:56.810+08:00  INFO 4235 --- [zoo-simulator-lab3] [    Test worker] o.hibernate.jpa.internal.util.LogHelper  : HHH000204: Processing PersistenceUnitInfo [name: default]
2025-07-22T09:15:56.813+08:00  INFO 4235 --- [zoo-simulator-lab3] [    Test worker] o.h.c.internal.RegionFactoryInitiator    : HHH000026: Second-level cache disabled
2025-07-22T09:15:56.818+08:00  INFO 4235 --- [zoo-simulator-lab3] [    Test worker] o.s.o.j.p.SpringPersistenceUnitInfo      : No LoadTimeWeaver setup: ignoring JPA class transformer
2025-07-22T09:15:56.820+08:00  WARN 4235 --- [zoo-simulator-lab3] [    Test worker] org.hibernate.orm.deprecation            : HHH90000025: H2Dialect does not need to be specified explicitly using 'hibernate.dialect' (remove the property setting and it will be selected by default)
2025-07-22T09:15:56.820+08:00  INFO 4235 --- [zoo-simulator-lab3] [    Test worker] org.hibernate.orm.connections.pooling    : HHH10001005: Database info:
	Database JDBC URL [Connecting through datasource 'org.springframework.jdbc.datasource.embedded.EmbeddedDatabaseFactory$EmbeddedDataSourceProxy@8a0447e']
	Database driver: undefined/unknown
	Database version: 2.3.232
	Autocommit mode: undefined/unknown
	Isolation level: undefined/unknown
	Minimum pool size: undefined/unknown
	Maximum pool size: undefined/unknown
2025-07-22T09:15:56.849+08:00  INFO 4235 --- [zoo-simulator-lab3] [    Test worker] o.h.e.t.j.p.i.JtaPlatformInitiator       : HHH000489: No JTA platform available (set 'hibernate.transaction.jta.platform' to enable JTA platform integration)
2025-07-22T09:15:56.850+08:00 DEBUG 4235 --- [zoo-simulator-lab3] [    Test worker] org.hibernate.SQL                        : 
    drop table if exists animals cascade 
Hibernate: 
    drop table if exists animals cascade 
2025-07-22T09:15:56.850+08:00 DEBUG 4235 --- [zoo-simulator-lab3] [    Test worker] org.hibernate.SQL                        : 
    drop table if exists enclosures cascade 
Hibernate: 
    drop table if exists enclosures cascade 
2025-07-22T09:15:56.850+08:00 DEBUG 4235 --- [zoo-simulator-lab3] [    Test worker] org.hibernate.SQL                        : 
    drop table if exists people cascade 
Hibernate: 
    drop table if exists people cascade 
2025-07-22T09:15:56.850+08:00 DEBUG 4235 --- [zoo-simulator-lab3] [    Test worker] org.hibernate.SQL                        : 
    drop table if exists zoos cascade 
Hibernate: 
    drop table if exists zoos cascade 
2025-07-22T09:15:56.851+08:00 DEBUG 4235 --- [zoo-simulator-lab3] [    Test worker] org.hibernate.SQL                        : 
    create table animals (
        date_of_birth date,
        weight float(53),
        enclosure_id bigint,
        id bigint generated by default as identity,
        breed varchar(255),
        health_status varchar(255),
        name varchar(255) not null,
        species varchar(255) not null,
        primary key (id)
    )
Hibernate: 
    create table animals (
        date_of_birth date,
        weight float(53),
        enclosure_id bigint,
        id bigint generated by default as identity,
        breed varchar(255),
        health_status varchar(255),
        name varchar(255) not null,
        species varchar(255) not null,
        primary key (id)
    )
2025-07-22T09:15:56.853+08:00 DEBUG 4235 --- [zoo-simulator-lab3] [    Test worker] org.hibernate.SQL                        : 
    create table enclosures (
        area float(53),
        id bigint generated by default as identity,
        zoo_id bigint,
        climate varchar(255),
        name varchar(255) not null,
        type varchar(255) not null,
        primary key (id)
    )
Hibernate: 
    create table enclosures (
        area float(53),
        id bigint generated by default as identity,
        zoo_id bigint,
        climate varchar(255),
        name varchar(255) not null,
        type varchar(255) not null,
        primary key (id)
    )
2025-07-22T09:15:56.855+08:00 DEBUG 4235 --- [zoo-simulator-lab3] [    Test worker] org.hibernate.SQL                        : 
    create table people (
        hire_date date,
        salary float(53),
        id bigint generated by default as identity,
        zoo_id bigint,
        email varchar(255) not null unique,
        first_name varchar(255) not null,
        last_name varchar(255) not null,
        role varchar(255) not null,
        primary key (id)
    )
Hibernate: 
    create table people (
        hire_date date,
        salary float(53),
        id bigint generated by default as identity,
        zoo_id bigint,
        email varchar(255) not null unique,
        first_name varchar(255) not null,
        last_name varchar(255) not null,
        role varchar(255) not null,
        primary key (id)
    )
2025-07-22T09:15:56.857+08:00 DEBUG 4235 --- [zoo-simulator-lab3] [    Test worker] org.hibernate.SQL                        : 
    create table zoos (
        id bigint generated by default as identity,
        description TEXT,
        location varchar(255) not null,
        name varchar(255) not null,
        primary key (id)
    )
Hibernate: 
    create table zoos (
        id bigint generated by default as identity,
        description TEXT,
        location varchar(255) not null,
        name varchar(255) not null,
        primary key (id)
    )
2025-07-22T09:15:56.858+08:00 DEBUG 4235 --- [zoo-simulator-lab3] [    Test worker] org.hibernate.SQL                        : 
    alter table if exists animals 
       add constraint FKcbcnkojt7pvrpnnfb4qd8s8rh 
       foreign key (enclosure_id) 
       references enclosures
Hibernate: 
    alter table if exists animals 
       add constraint FKcbcnkojt7pvrpnnfb4qd8s8rh 
       foreign key (enclosure_id) 
       references enclosures
2025-07-22T09:15:56.860+08:00 DEBUG 4235 --- [zoo-simulator-lab3] [    Test worker] org.hibernate.SQL                        : 
    alter table if exists enclosures 
       add constraint FKe2akcngi4bgk6xdnst1jfddie 
       foreign key (zoo_id) 
       references zoos
Hibernate: 
    alter table if exists enclosures 
       add constraint FKe2akcngi4bgk6xdnst1jfddie 
       foreign key (zoo_id) 
       references zoos
2025-07-22T09:15:56.861+08:00 DEBUG 4235 --- [zoo-simulator-lab3] [    Test worker] org.hibernate.SQL                        : 
    alter table if exists people 
       add constraint FKdv8797n94bwsgv9ogjxkneqel 
       foreign key (zoo_id) 
       references zoos
Hibernate: 
    alter table if exists people 
       add constraint FKdv8797n94bwsgv9ogjxkneqel 
       foreign key (zoo_id) 
       references zoos
2025-07-22T09:15:56.863+08:00  INFO 4235 --- [zoo-simulator-lab3] [    Test worker] j.LocalContainerEntityManagerFactoryBean : Initialized JPA EntityManagerFactory for persistence unit 'default'
2025-07-22T09:15:56.892+08:00  INFO 4235 --- [zoo-simulator-lab3] [    Test worker] c.t.zoo.repository.ZooRepositoryTest     : Started ZooRepositoryTest in 0.178 seconds (process running for 2.515)
2025-07-22T09:15:56.919+08:00 DEBUG 4235 --- [zoo-simulator-lab3] [    Test worker] org.hibernate.SQL                        : 
    insert 
    into
        zoos
        (description, location, name, id) 
    values
        (?, ?, ?, default)
Hibernate: 
    insert 
    into
        zoos
        (description, location, name, id) 
    values
        (?, ?, ?, default)
2025-07-22T09:15:56.967+08:00 DEBUG 4235 --- [zoo-simulator-lab3] [    Test worker] org.hibernate.SQL                        : 
    insert 
    into
        zoos
        (description, location, name, id) 
    values
        (?, ?, ?, default)
Hibernate: 
    insert 
    into
        zoos
        (description, location, name, id) 
    values
        (?, ?, ?, default)
2025-07-22T09:15:56.968+08:00 DEBUG 4235 --- [zoo-simulator-lab3] [    Test worker] org.hibernate.SQL                        : 
    insert 
    into
        zoos
        (description, location, name, id) 
    values
        (?, ?, ?, default)
Hibernate: 
    insert 
    into
        zoos
        (description, location, name, id) 
    values
        (?, ?, ?, default)
2025-07-22T09:15:57.005+08:00 DEBUG 4235 --- [zoo-simulator-lab3] [    Test worker] org.hibernate.SQL                        : 
    select
        z1_0.id,
        z1_0.description,
        z1_0.location,
        z1_0.name 
    from
        zoos z1_0 
    where
        upper(z1_0.name) like upper(?) escape '\'
Hibernate: 
    select
        z1_0.id,
        z1_0.description,
        z1_0.location,
        z1_0.name 
    from
        zoos z1_0 
    where
        upper(z1_0.name) like upper(?) escape '\'
2025-07-22T09:15:57.013+08:00 DEBUG 4235 --- [zoo-simulator-lab3] [    Test worker] org.hibernate.SQL                        : 
    insert 
    into
        zoos
        (description, location, name, id) 
    values
        (?, ?, ?, default)
Hibernate: 
    insert 
    into
        zoos
        (description, location, name, id) 
    values
        (?, ?, ?, default)
2025-07-22T09:15:57.015+08:00 DEBUG 4235 --- [zoo-simulator-lab3] [    Test worker] org.hibernate.SQL                        : 
    insert 
    into
        zoos
        (description, location, name, id) 
    values
        (?, ?, ?, default)
Hibernate: 
    insert 
    into
        zoos
        (description, location, name, id) 
    values
        (?, ?, ?, default)
2025-07-22T09:15:57.017+08:00 DEBUG 4235 --- [zoo-simulator-lab3] [    Test worker] org.hibernate.SQL                        : 
    select
        z1_0.id,
        z1_0.description,
        z1_0.location,
        z1_0.name 
    from
        zoos z1_0 
    where
        upper(z1_0.location) like upper(?) escape '\'
Hibernate: 
    select
        z1_0.id,
        z1_0.description,
        z1_0.location,
        z1_0.name 
    from
        zoos z1_0 
    where
        upper(z1_0.location) like upper(?) escape '\'
2025-07-22T09:15:57.021+08:00 DEBUG 4235 --- [zoo-simulator-lab3] [    Test worker] org.hibernate.SQL                        : 
    insert 
    into
        zoos
        (description, location, name, id) 
    values
        (?, ?, ?, default)
Hibernate: 
    insert 
    into
        zoos
        (description, location, name, id) 
    values
        (?, ?, ?, default)
2025-07-22T09:15:57.023+08:00 DEBUG 4235 --- [zoo-simulator-lab3] [    Test worker] org.hibernate.SQL                        : 
    insert 
    into
        zoos
        (description, location, name, id) 
    values
        (?, ?, ?, default)
Hibernate: 
    insert 
    into
        zoos
        (description, location, name, id) 
    values
        (?, ?, ?, default)
2025-07-22T09:15:57.025+08:00 DEBUG 4235 --- [zoo-simulator-lab3] [    Test worker] org.hibernate.SQL                        : 
    select
        z1_0.id,
        z1_0.description,
        z1_0.location,
        z1_0.name 
    from
        zoos z1_0
Hibernate: 
    select
        z1_0.id,
        z1_0.description,
        z1_0.location,
        z1_0.name 
    from
        zoos z1_0
2025-07-22T09:15:57.029+08:00 DEBUG 4235 --- [zoo-simulator-lab3] [    Test worker] org.hibernate.SQL                        : 
    insert 
    into
        zoos
        (description, location, name, id) 
    values
        (?, ?, ?, default)
Hibernate: 
    insert 
    into
        zoos
        (description, location, name, id) 
    values
        (?, ?, ?, default)
2025-07-22T09:15:57.034+08:00 DEBUG 4235 --- [zoo-simulator-lab3] [    Test worker] org.hibernate.SQL                        : 
    insert 
    into
        zoos
        (description, location, name, id) 
    values
        (?, ?, ?, default)
Hibernate: 
    insert 
    into
        zoos
        (description, location, name, id) 
    values
        (?, ?, ?, default)
2025-07-22T09:15:57.040+08:00 DEBUG 4235 --- [zoo-simulator-lab3] [    Test worker] org.hibernate.SQL                        : 
    insert 
    into
        zoos
        (description, location, name, id) 
    values
        (?, ?, ?, default)
Hibernate: 
    insert 
    into
        zoos
        (description, location, name, id) 
    values
        (?, ?, ?, default)
2025-07-22T09:15:57.191+08:00 DEBUG 4235 --- [zoo-simulator-lab3] [    Test worker] org.hibernate.SQL                        : 
    select
        count(*) 
    from
        zoos z1_0 
    where
        z1_0.id=?
Hibernate: 
    select
        count(*) 
    from
        zoos z1_0 
    where
        z1_0.id=?
2025-07-22T09:15:57.196+08:00 DEBUG 4235 --- [zoo-simulator-lab3] [    Test worker] org.hibernate.SQL                        : 
    select
        count(*) 
    from
        zoos z1_0 
    where
        z1_0.id=?
Hibernate: 
    select
        count(*) 
    from
        zoos z1_0 
    where
        z1_0.id=?
]]></system-out>
  <system-err><![CDATA[]]></system-err>
</testsuite>
